<?xml version="1.0" encoding="UTF-8"?>
<!-- Generated by org.testng.reporters.JUnitReportReporter -->
<testsuite skipped="0" hostname="CAC4" name="com.inetbanking.testCases.TC_LoginTest_001" tests="1" failures="0" timestamp="30 Nov 2018 03:12:37 GMT" time="1.563" errors="0">
  <testcase name="loginTest" time="1.563" classname="com.inetbanking.testCases.TC_LoginTest_001"/>
</testsuite> <!-- com.inetbanking.testCases.TC_LoginTest_001 -->
