<?xml version="1.0" encoding="UTF-8"?>
<!-- Generated by org.testng.reporters.JUnitReportReporter -->
<testsuite skipped="0" hostname="CAC4" name="com.inetbanking.testCases.TC_AddCustomerTest_003" tests="1" failures="0" timestamp="30 Nov 2018 14:37:08 GMT" time="22.133" errors="0">
  <testcase name="addNewCustomer" time="22.133" classname="com.inetbanking.testCases.TC_AddCustomerTest_003"/>
</testsuite> <!-- com.inetbanking.testCases.TC_AddCustomerTest_003 -->
